<?xml version="1.0" encoding="UTF-8" ?>
<testsuite errors="0" failures="0" hostname="SHRIKRISHNA" name="com.continuous.integration.RunAllTests" skipped="0" tests="2" time="0.32" timestamp="2016-12-12T21:33:38">
  <properties>
[...]
</properties>
  <testcase classname="com.continuous.integration.AppSumTest" name="addtest" time="0.004" />
  <testcase classname="com.continuous.integration.TestStringAdd" name="conCattest" time="0.001" />
  <system-out><![CDATA[]]></system-out>
  <system-err><![CDATA[]]></system-err>
</testsuite>
